#Data tag : online , Norm tag: composite
+-------------+-------------------+------+------+----------------+---------------+
| run:fill    | time              | nls  | ncms | delivered(/ub) | recorded(/ub) |
+-------------+-------------------+------+------+----------------+---------------+
| 258159:4449 | 10/03/15 02:09:44 | 502  | 502  | 26257864.241   | 25681319.565  |
| 258174:4452 | 10/03/15 19:18:47 | 28   | 28   | 1821321.966    | 1785544.712   |
| 258175:4452 | 10/03/15 19:33:22 | 101  | 101  | 6484618.344    | 6321719.899   |
| 258177:4452 | 10/03/15 20:21:28 | 2092 | 2092 | 113534057.265  | 110701786.159 |
| 258211:4455 | 10/04/15 16:53:43 | 89   | 89   | 6787473.586    | 6523252.444   |
| 258213:4455 | 10/04/15 17:32:20 | 165  | 165  | 11828945.238   | 11525115.399  |
| 258214:4455 | 10/04/15 18:38:59 | 217  | 217  | 15562278.583   | 15172855.551  |
| 258215:4455 | 10/04/15 20:07:49 | 7    | 7    | 491937.815     | 479947.229    |
| 258287:4462 | 10/05/15 15:43:58 | 181  | 181  | 13892806.871   | 13349174.930  |
| 258312:4463 | 10/05/15 20:13:57 | 14   | 14   | 1072311.262    | 967045.448    |
| 258313:4463 | 10/05/15 20:20:17 | 289  | 289  | 21335241.159   | 20725619.795  |
| 258320:4463 | 10/05/15 22:17:07 | 369  | 369  | 25737316.917   | 25128817.343  |
| 258335:4464 | 10/06/15 05:07:11 | 26   | 26   | 2040646.585    | 1908436.317   |
| 258403:4466 | 10/06/15 14:10:07 | 251  | 251  | 15964270.273   | 15612888.766  |
| 258425:4467 | 10/06/15 18:49:22 | 135  | 135  | 10708648.487   | 10248475.723  |
| 258426:4467 | 10/06/15 20:00:12 | 10   | 10   | 772446.258     | 751812.067    |
| 258427:4467 | 10/06/15 20:06:18 | 107  | 107  | 8191107.713    | 7901302.746   |
| 258428:4467 | 10/06/15 20:54:17 | 324  | 324  | 23896752.893   | 23293177.541  |
| 258432:4467 | 10/06/15 23:04:32 | 4    | 4    | 286875.631     | 279944.749    |
| 258434:4467 | 10/06/15 23:11:39 | 453  | 453  | 31288029.742   | 30536738.787  |
| 258440:4467 | 10/07/15 02:10:32 | 731  | 731  | 45806946.085   | 44624917.855  |
| 258443:4467 | 10/07/15 07:04:45 | 291  | 291  | 17095774.227   | 16677594.416  |
| 258444:4467 | 10/07/15 09:00:44 | 130  | 130  | 7415021.865    | 7259630.524   |
| 258445:4467 | 10/07/15 09:52:47 | 302  | 302  | 16750403.108   | 16403375.902  |
| 258446:4467 | 10/07/15 11:52:39 | 142  | 142  | 7626932.979    | 7474593.995   |
| 258448:4467 | 10/07/15 12:53:07 | 736  | 736  | 36835418.194   | 35984512.882  |
| 258655:4476 | 10/09/15 11:19:18 | 11   | 11   | 909578.121     | 545324.460    |
| 258656:4476 | 10/09/15 11:24:46 | 336  | 336  | 26497029.194   | 25658143.511  |
| 258694:4477 | 10/09/15 19:54:40 | 180  | 180  | 16272306.869   | 15484720.024  |
| 258702:4479 | 10/10/15 07:30:35 | 353  | 353  | 30490785.082   | 29269333.702  |
| 258703:4479 | 10/10/15 09:48:30 | 475  | 475  | 38890159.887   | 37780638.601  |
| 258705:4479 | 10/10/15 13:01:34 | 100  | 100  | 7822201.271    | 7604760.367   |
| 258706:4479 | 10/10/15 13:44:18 | 733  | 733  | 53509756.467   | 52122692.407  |
| 258712:4479 | 10/10/15 18:36:26 | 524  | 524  | 35417226.914   | 34495799.123  |
| 258713:4479 | 10/10/15 22:03:19 | 161  | 161  | 10407188.252   | 10164347.291  |
| 258714:4479 | 10/10/15 23:06:33 | 68   | 68   | 4333033.539    | 4230949.908   |
| 258741:4485 | 10/11/15 15:11:43 | 53   | 53   | 5009753.823    | 4629671.544   |
| 258742:4485 | 10/11/15 15:37:24 | 692  | 692  | 61255120.759   | 59299810.293  |
| 258745:4485 | 10/11/15 20:12:22 | 260  | 260  | 21599676.538   | 20966777.757  |
| 258749:4485 | 10/11/15 22:08:51 | 580  | 580  | 45122512.103   | 44051112.987  |
| 258750:4485 | 10/12/15 02:08:14 | 189  | 189  | 14076882.305   | 13754053.106  |
| 258959:4491 | 10/13/15 18:22:38 | 31   | 31   | 26.492         | 26.251        |
| 259464:4513 | 10/18/15 20:24:15 | 70   | 70   | 1541.289       | 1453.594      |
| 259626:4518 | 10/20/15 04:21:17 | 381  | 381  | 11870229.793   | 11602619.583  |
| 259636:4519 | 10/20/15 10:36:40 | 192  | 192  | 13577089.930   | 13086041.056  |
| 259637:4519 | 10/20/15 11:55:23 | 187  | 187  | 13012048.798   | 12694855.761  |
| 259681:4522 | 10/21/15 02:09:20 | 37   | 37   | 3449898.014    | 2034166.893   |
| 259682:4522 | 10/21/15 02:45:58 | 4    | 4    | 366971.126     | 226757.260    |
| 259683:4522 | 10/21/15 02:50:56 | 65   | 65   | 5468145.489    | 5204244.504   |
| 259685:4522 | 10/21/15 03:31:12 | 596  | 596  | 51400852.102   | 49868706.090  |
| 259686:4522 | 10/21/15 07:40:55 | 335  | 335  | 26285299.825   | 25541174.431  |
| 259721:4525 | 10/21/15 21:48:46 | 344  | 344  | 11912003.504   | 11512278.973  |
| 259809:4528 | 10/23/15 01:19:08 | 172  | 172  | 14128504.426   | 13578279.864  |
| 259810:4528 | 10/23/15 02:27:57 | 116  | 116  | 9622417.751    | 9372647.088   |
| 259811:4528 | 10/23/15 03:14:40 | 91   | 91   | 7413547.782    | 7117251.565   |
| 259812:4528 | 10/23/15 03:51:32 | 1    | 1    | 80929.594      | 701.479       |
| 259813:4528 | 10/23/15 03:55:28 | 10   | 10   | 808607.346     | 696989.195    |
| 259817:4528 | 10/23/15 04:12:46 | 5    | 5    | 402387.728     | 338781.444    |
| 259818:4528 | 10/23/15 04:16:25 | 160  | 160  | 12702175.737   | 12345301.694  |
| 259820:4528 | 10/23/15 05:28:06 | 158  | 158  | 12201922.095   | 11764360.572  |
| 259821:4528 | 10/23/15 06:36:07 | 210  | 210  | 14279596.239   | 13847071.055  |
| 259822:4528 | 10/23/15 08:06:27 | 476  | 476  | 33003983.315   | 32083948.188  |
| 259857:4530 | 10/23/15 21:35:24 | 16   | 16   | 278.941        | 276.071       |
| 259861:4530 | 10/23/15 22:04:22 | 154  | 154  | 13336084.088   | 12923998.010  |
| 259862:4530 | 10/23/15 23:06:58 | 533  | 533  | 44195275.591   | 42879002.939  |
| 259884:4532 | 10/24/15 16:31:12 | 85   | 85   | 7048788.611    | 6654009.648   |
| 259890:4532 | 10/24/15 17:20:01 | 109  | 109  | 9480722.013    | 9108376.408   |
| 259891:4532 | 10/24/15 18:06:49 | 109  | 109  | 9298242.771    | 8929706.032   |
| 260373:4555 | 10/30/15 10:17:27 | 373  | 373  | 10664320.031   | 10388118.001  |
| 260424:4557 | 10/30/15 18:40:06 | 670  | 670  | 65695928.730   | 63466599.836  |
| 260425:4557 | 10/30/15 23:06:36 | 287  | 287  | 26211378.434   | 25411933.710  |
| 260426:4557 | 10/31/15 01:02:23 | 480  | 480  | 41275827.179   | 40195140.176  |
| 260427:4557 | 10/31/15 04:25:46 | 283  | 283  | 22426559.988   | 21788776.898  |
| 260431:4557 | 10/31/15 06:31:22 | 421  | 421  | 32219324.740   | 31346811.973  |
| 260433:4557 | 10/31/15 09:41:45 | 121  | 121  | 9077733.497    | 8703538.648   |
| 260439:4557 | 10/31/15 10:36:01 | 8    | 8    | 585610.914     | 555215.771    |
| 260510:4560 | 11/01/15 00:58:31 | 236  | 236  | 22444413.406   | 22221755.857  |
| 260527:4560 | 11/01/15 02:35:26 | 134  | 134  | 12379887.254   | 12214070.923  |
| 260528:4560 | 11/01/15 04:10:17 | 25   | 25   | 2289826.890    | 2231312.433   |
| 260532:4560 | 11/01/15 04:25:51 | 675  | 675  | 57326408.862   | 55669805.474  |
| 260533:4560 | 11/01/15 09:24:23 | 14   | 14   | 1127261.606    | 1059991.553   |
| 260534:4560 | 11/01/15 09:34:18 | 375  | 375  | 29275346.591   | 28416797.584  |
| 260536:4560 | 11/01/15 12:08:44 | 193  | 193  | 14724238.378   | 14277313.608  |
| 260538:4560 | 11/01/15 13:29:58 | 284  | 284  | 20907257.457   | 20326040.651  |
| 260540:4560 | 11/01/15 15:24:09 | 1    | 1    | 72221.281      | 49068.948     |
| 260541:4560 | 11/01/15 15:25:55 | 25   | 25   | 1801690.731    | 1733778.034   |
| 260575:4562 | 11/01/15 21:37:56 | 20   | 20   | 1891463.139    | 1681737.625   |
| 260576:4562 | 11/01/15 21:49:30 | 464  | 464  | 50998009.328   | 47949436.479  |
| 260577:4562 | 11/02/15 00:53:22 | 77   | 77   | 8290469.390    | 7961825.167   |
| 260593:4565 | 11/02/15 08:41:38 | 319  | 319  | 33451374.201   | 31625205.349  |
| 260627:4569 | 11/02/15 19:05:30 | 1752 | 1752 | 172590423.191  | 165788223.566 |
+-------------+-------------------+------+------+----------------+---------------+
#Summary: 
+-------+------+-------+-------+-------------------+------------------+
| nfill | nrun | nls   | ncms  | totdelivered(/ub) | totrecorded(/ub) |
+-------+------+-------+-------+-------------------+------------------+
| 27    | 91   | 24295 | 24295 | 1804173204.020    | 1745853259.738   |
+-------+------+-------+-------+-------------------+------------------+

Warning: problems found in merging -i and --normtag selections:
  run 258159, [[1, 502]] is not a superset of [[1, 514]]

